<?xml version="1.0" encoding="UTF-8"?>
<!-- Generated by org.testng.reporters.JUnitXMLReporter -->
<testsuite ignored="0" hostname="LAPTOP-K7QGT7D0" failures="1" tests="3" name="Surefire test" time="28.641" errors="0" timestamp="2023-12-10T22:19:21 IST">
  <testcase classname="check1.Testng" name="close" time="0.005"/>
  <testcase classname="check1.Testng" name="login" time="0.008">
    <failure type="java.lang.NullPointerException" message="Cannot invoke &amp;quot;org.openqa.selenium.WebDriver.findElement(org.openqa.selenium.By)&amp;quot; because &amp;quot;this.driver&amp;quot; is null">
      <![CDATA[java.lang.NullPointerException: Cannot invoke "org.openqa.selenium.WebDriver.findElement(org.openqa.selenium.By)" because "this.driver" is null
at check1.Testng.login(Testng.java:21)
at java.base/java.util.ArrayList.forEach(ArrayList.java:1511)
... Removed 31 stack frames]]>
    </failure>
  </testcase> <!-- login -->
  <testcase classname="check1.Testng" name="openapp" time="28.575"/>
</testsuite> <!-- Surefire test -->
