<?xml version="1.0" encoding="UTF-8"?>
<!-- Generated by org.testng.reporters.JUnitXMLReporter -->
<testsuite ignored="0" hostname="LAPTOP-K7QGT7D0" failures="0" tests="3" name="Default test" time="15.747" errors="0" timestamp="2023-12-11T12:24:43 IST">
  <testcase classname="TestNGpkg.NewTest" name="openapp" time="14.634"/>
  <testcase classname="TestNGpkg.NewTest" name="login" time="1.04"/>
  <testcase classname="TestNGpkg.NewTest" name="close" time="0.001"/>
</testsuite> <!-- Default test -->
