<?xml version="1.0" encoding="UTF-8"?>
<testng-results ignored="0" total="3" passed="3" failed="0" skipped="0">
  <reporter-output>
  </reporter-output>
  <suite started-at="2023-12-11T12:24:27 IST" name="Default suite" finished-at="2023-12-11T12:24:43 IST" duration-ms="15747">
    <groups>
    </groups>
    <test started-at="2023-12-11T12:24:27 IST" name="Default test" finished-at="2023-12-11T12:24:43 IST" duration-ms="15747">
      <class name="TestNGpkg.NewTest">
        <test-method signature="openapp()[pri:1, instance:TestNGpkg.NewTest@70e9c95d]" started-at="2023-12-11T12:24:27 IST" name="openapp" finished-at="2023-12-11T12:24:42 IST" duration-ms="14634" status="PASS">
          <reporter-output>
          </reporter-output>
        </test-method> <!-- openapp -->
        <test-method signature="login()[pri:2, instance:TestNGpkg.NewTest@70e9c95d]" started-at="2023-12-11T12:24:42 IST" name="login" finished-at="2023-12-11T12:24:43 IST" duration-ms="1040" status="PASS">
          <reporter-output>
          </reporter-output>
        </test-method> <!-- login -->
        <test-method signature="close()[pri:3, instance:TestNGpkg.NewTest@70e9c95d]" started-at="2023-12-11T12:24:43 IST" name="close" finished-at="2023-12-11T12:24:43 IST" duration-ms="1" status="PASS">
          <reporter-output>
          </reporter-output>
        </test-method> <!-- close -->
      </class> <!-- TestNGpkg.NewTest -->
    </test> <!-- Default test -->
  </suite> <!-- Default suite -->
</testng-results>
